2020-05-05 17:49:07,972 INFO  [main][com.baidu.openrasp.config.Config] plugin.timeout.millis use the default value: 100
2020-05-05 17:49:07,973 INFO  [main][com.baidu.openrasp.config.Config] hooks.ignore: http_output
2020-05-05 17:49:07,973 INFO  [main][com.baidu.openrasp.config.Config] inject.urlprefix use the default value: 
2020-05-05 17:49:07,973 INFO  [main][com.baidu.openrasp.config.Config] request.param_encoding use the default value: 
2020-05-05 17:49:07,973 INFO  [main][com.baidu.openrasp.config.Config] body.maxbytes use the default value: 12288
2020-05-05 17:49:07,973 INFO  [main][com.baidu.openrasp.config.Config] log.maxbackup use the default value: 30
2020-05-05 17:49:07,974 INFO  [main][com.baidu.openrasp.config.Config] plugin.maxstack use the default value: 100
2020-05-05 17:49:07,977 INFO  [main][com.baidu.openrasp.config.Config] lru.max_size use the default value: 1024
2020-05-05 17:49:07,977 INFO  [main][com.baidu.openrasp.config.Config] plugin.filter use the default value: true
2020-05-05 17:49:07,978 INFO  [main][com.baidu.openrasp.config.Config] ognl.expression.minlength use the default value: 30
2020-05-05 17:49:07,978 INFO  [main][com.baidu.openrasp.config.Config] sql.slowquery.min_rows use the default value: 500
2020-05-05 17:49:07,978 INFO  [main][com.baidu.openrasp.config.Config] block.status_code use the default value: 302
2020-05-05 17:49:07,978 INFO  [main][com.baidu.openrasp.config.Config] debug.level use the default value: 0
2020-05-05 17:49:07,979 INFO  [main][com.baidu.openrasp.config.Config] clientip.header use the default value: ClientIP
2020-05-05 17:49:07,979 INFO  [main][com.baidu.openrasp.config.Config] block.redirect_url use the default value: https://rasp.baidu.com/blocked/?request_id=%request_id%
2020-05-05 17:49:07,979 INFO  [main][com.baidu.openrasp.config.Config] block.content_json use the default value: {"error":true, "reason": "Request blocked by OpenRASP", "request_id": "%request_id%"}
2020-05-05 17:49:07,979 INFO  [main][com.baidu.openrasp.config.Config] block.content_xml use the default value: <?xml version="1.0"?><doc><error>true</error><reason>Request blocked by OpenRASP</reason><request_id>%request_id%</request_id></doc>
2020-05-05 17:49:07,979 INFO  [main][com.baidu.openrasp.config.Config] block.content_html use the default value: </script><script>location.href="https://rasp.baidu.com/blocked2/?request_id=%request_id%"</script>
2020-05-05 17:49:07,980 INFO  [main][com.baidu.openrasp.config.Config] cloud.enable use the default value: false
2020-05-05 17:49:07,980 INFO  [main][com.baidu.openrasp.config.Config] cloud.backend_url use the default value: 
2020-05-05 17:49:07,980 INFO  [main][com.baidu.openrasp.config.Config] cloud.app_id use the default value: 
2020-05-05 17:49:07,980 INFO  [main][com.baidu.openrasp.config.Config] cloud.app_secret use the default value: 
2020-05-05 17:49:07,980 INFO  [main][com.baidu.openrasp.config.Config] rasp.id use the default value: 
2020-05-05 17:49:07,980 INFO  [main][com.baidu.openrasp.config.Config] syslog.enable use the default value: false
2020-05-05 17:49:07,980 INFO  [main][com.baidu.openrasp.config.Config] syslog.url use the default value: 
2020-05-05 17:49:07,981 INFO  [main][com.baidu.openrasp.config.Config] syslog.tag use the default value: OPENRASP
2020-05-05 17:49:07,981 INFO  [main][com.baidu.openrasp.config.Config] syslog.facility use the default value: 1
2020-05-05 17:49:07,981 INFO  [main][com.baidu.openrasp.config.Config] syslog.reconnect_interval use the default value: 300000
2020-05-05 17:49:07,981 INFO  [main][com.baidu.openrasp.config.Config] log.maxburst use the default value: 100
2020-05-05 17:49:07,981 INFO  [main][com.baidu.openrasp.config.Config] cloud.heartbeat_interval use the default value: 90
2020-05-05 17:49:07,987 INFO  [main][com.baidu.openrasp.config.Config] hook.white use the default value: {}
2020-05-05 17:49:07,987 INFO  [main][com.baidu.openrasp.config.Config] hook.white.ALL use the default value: true
2020-05-05 17:49:07,988 INFO  [main][com.baidu.openrasp.config.Config] decompile.enable use the default value: false
2020-05-05 17:49:07,989 INFO  [main][com.baidu.openrasp.config.Config] inject.custom_headers: {X-Protected-By=OpenRASP}
2020-05-05 17:49:07,990 INFO  [main][com.baidu.openrasp.config.Config] dependency_check.interval use the default value: 21600
2020-05-05 17:49:07,999 INFO  [main][com.baidu.openrasp.config.Config] security.weak_passwords use the default value: [111111, 123, 123123, 123456, 123456a, a123456, admin, both, manager, mysql, root, rootweblogic, tomcat, user, weblogic1, weblogic123, welcome1]
2020-05-05 17:49:07,999 INFO  [main][com.baidu.openrasp.config.Config] cpu.usage.percent use the default value: 90
2020-05-05 17:49:08,052 INFO  [main][com.baidu.openrasp.config.Config] cpu.usage.enable use the default value: false
2020-05-05 17:49:08,053 INFO  [main][com.baidu.openrasp.config.Config] cpu.usage.interval use the default value: 5
2020-05-05 17:49:08,053 INFO  [main][com.baidu.openrasp.config.Config] openrasp.ssl_verifypeer use the default value: false
2020-05-05 17:49:08,053 INFO  [main][com.baidu.openrasp.config.Config] iast.enable use the default value: false
2020-05-05 17:49:08,053 INFO  [main][com.baidu.openrasp.config.Config] lru.compare_enable use the default value: false
2020-05-05 17:49:08,053 INFO  [main][com.baidu.openrasp.config.Config] lru.compare_limit use the default value: 10240
2020-05-05 17:49:08,054 INFO  [main][com.baidu.openrasp.config.Config] response.sampler_interval use the default value: 60
2020-05-05 17:49:08,054 INFO  [main][com.baidu.openrasp.config.Config] response.sampler_burst use the default value: 5
2020-05-05 17:49:08,330 INFO  [main][com.baidu.openrasp.config.Config] custom html injection content changed to ""
2020-05-05 17:49:08,331 INFO  [main][com.baidu.openrasp.config.Config] baseDirectory: /home/osboxes/vsaudit/spring-boot-actuator-h2-rce/rasp
2020-05-05 17:49:08,570 WARN  [main][com.baidu.openrasp.config.Config] the value of sql_exception.mysql.error_code is null
2020-05-05 17:49:08,571 WARN  [main][com.baidu.openrasp.config.Config] the value of sql_exception.sqlite.error_code is null
2020-05-05 17:49:08,571 WARN  [main][com.baidu.openrasp.config.Config] the value of sql_exception.oracle.error_code is null
2020-05-05 17:49:08,571 WARN  [main][com.baidu.openrasp.config.Config] the value of sql_exception.db2.error_code is null
2020-05-05 17:49:08,572 INFO  [main][com.baidu.openrasp.config.Config] sql error codes: {oracle=[ORA-00920, ORA-01756, ORA-00911, ORA-00904, ORA-29257, ORA-20000, ORA-19202, ORA-00907, ORA-01740], sqlite=[1], hsql=[-5590, -5584, -5583], mysql=[1105, 1367, 1064, 1690, 1062, 1060]}
2020-05-05 17:49:08,572 INFO  [main][com.baidu.openrasp.config.Config] sql error states: {db2=[42603], hsql=[42583, 42584, 42590]}
2020-05-05 17:49:08,576 WARN  [main][com.baidu.openrasp.config.Config] failed to get the log_regex.regex element from algorithm config
2020-05-05 17:49:08,576 INFO  [main][com.baidu.openrasp.config.Config] log_regex.regex: {}
2020-05-05 17:49:08,576 INFO  [main][com.baidu.openrasp.config.Config] algorithm.config: {"meta":{"all_log":true,"is_dev":false,"schema_version":1},"sql_userinput":{"name":"算法1 - 用户输入匹配算法","action":"log","min_length":8,"pre_filter":"select|file|from|;","pre_enable":false,"anti_detect_filter":"add|all|alter|analyze|and|any|as|asc|avg|begin|between|by|case|create|count|delete|desc|do|dumpfile|else|elseif|end|exists|false|file|float|flush|follows|from|group|having|identified|if|in|insert|interval|into|join|last|like|limit|loop|not|null|on|or|order|procedure|regexp|return|rlike|select|then|true|union|update|values|xor","anti_detect_enable":true,"lcs_search":false,"allow_full":true},"sql_policy":{"name":"算法2 - 拦截异常SQL语句","action":"log","pre_filter":";|\\/\\*|(?:\\d{1,2}\\s*,\\s*){2}|(?:null\\s*,\\s*){2}|0x[\\da-f]{8}|\\W(information_schema|outfile|dumpfile|load_file|benchmark|pg_sleep|sleep|is_srvrolemember|updatexml|extractvalue|hex|char|chr|mid|ord|ascii|bin)\\W","feature":{"stacked_query":false,"no_hex":true,"version_comment":true,"function_blacklist":true,"function_count":false,"union_null":true,"into_outfile":true,"information_schema":false},"function_blacklist":{"load_file":true,"benchmark":true,"sleep":true,"pg_sleep":true,"is_srvrolemember":true,"updatexml":true,"extractvalue":true,"hex":true,"mid":true,"ord":true,"ascii":true,"bin":true},"function_count":{"chr":5,"char":5}},"sql_exception":{"name":"算法3 - 记录数据库异常","action":"log","reference":"https://rasp.baidu.com/doc/dev/official.html#sql-exception","mysql":{"error_code":[1060,1062,1064,1105,1367,1690]},"pgsql":{"error_code":["42601","22P02"],"error_state":["42601","22P02"]},"sqlite":{"error_code":[1]},"oracle":{"error_code":["ORA-29257","ORA-20000","ORA-00904","ORA-19202","ORA-01756","ORA-01740","ORA-00920","ORA-00907","ORA-00911"]},"hsql":{"error_code":[-5583,-5584,-5590],"error_state":["42583","42584","42590"]},"mssql":{"error_code":[105,245]},"db2":{"error_state":["42603"]}},"sql_regex":{"name":"算法4 - 正则表达式算法","action":"ignore","regex":"union.*select.*from.*information_schema"},"ssrf_userinput":{"name":"算法1 - 用户输入匹配算法（支持 rebind 检测）","action":"log"},"ssrf_aws":{"name":"算法2 - 拦截 AWS/Aliyun/GCP metadata 访问","action":"log"},"ssrf_common":{"name":"算法3 - 拦截常见 dnslog 地址","action":"log","domains":[".vuleye.pw",".ceye.io",".exeye.io",".vcap.me",".xip.name",".xip.io",".sslip.io",".nip.io",".burpcollaborator.net",".tu4.org",".2xss.cc",".bxss.me"]},"ssrf_obfuscate":{"name":"算法4 - 拦截混淆地址","action":"log"},"ssrf_protocol":{"name":"算法5 - 拦截 php:// 等异常协议","action":"log","protocols":["file","gopher","local_file","local-file","jar","netdoc","dict","php","phar","compress.zlib","compress.bzip2"]},"readFile_userinput":{"name":"算法1 - 用户输入匹配算法","action":"log","lcs_search":false},"readFile_userinput_http":{"name":"算法2 - 用户输入匹配算法 + http 协议","action":"log"},"readFile_userinput_unwanted":{"name":"算法3 - 拦截 php:// 等异常协议","action":"log"},"readFile_outsideWebroot":{"name":"算法4 - 禁止使用 ../../ 访问web目录以外的文件","action":"ignore","reference":"https://rasp.baidu.com/doc/dev/official.html#case-out-webroot"},"readFile_unwanted":{"name":"算法5 - 文件探针算法","action":"log"},"writeFile_NTFS":{"name":"算法1 - 拦截 NTFS ::$DATA 写入操作","action":"log"},"writeFile_script":{"name":"算法2 - 拦截 php/jsp 等脚本文件的写入操作","reference":"https://rasp.baidu.com/doc/dev/official.html#case-file-write","action":"log","userinput":true,"lcs_search":false},"deleteFile_userinput":{"name":"算法1 - 用户输入匹配，禁止使用 ../ 删除文件","action":"log","lcs_search":false},"rename_webshell":{"name":"算法1 - 通过重命名方式获取 WebShell","action":"log"},"directory_userinput":{"name":"算法1 - 用户输入匹配算法","action":"log","lcs_search":false},"directory_reflect":{"name":"算法2 - 通过反射调用，查看目录内容","action":"log"},"directory_unwanted":{"name":"算法3 - 尝试查看敏感目录","action":"log"},"include_userinput":{"name":"算法1 - 用户输入匹配算法","action":"log","lcs_search":false},"include_protocol":{"name":"算法2 - 尝试包含 jar:// 等异常协议","action":"log","protocols":["file","gopher","jar","netdoc","http","https","dict","php","compress.zlib","compress.bzip2","zip","rar"]},"xxe_disable_entity":{"name":"算法1 - 禁止外部实体加载（记录日志等同于完全忽略）","action":"ignore","clazz":{"java_dom":true,"java_dom4j":true,"java_jdom":true,"java_sax":true,"java_stax":true}},"xxe_protocol":{"name":"算法2 - 使用 ftp:// 等异常协议加载外部实体","action":"log","protocols":["ftp","dict","gopher","jar","netdoc"]},"xxe_file":{"name":"算法3 - 使用 file:// 协议读取文件","reference":"https://rasp.baidu.com/doc/dev/official.html#case-xxe","action":"log"},"fileUpload_webdav":{"name":"算法1 - MOVE 方式上传脚本文件","action":"log"},"fileUpload_multipart_script":{"name":"算法2 - Multipart 方式上传 PHP/JSP 等脚本文件","action":"log"},"fileUpload_multipart_html":{"name":"算法3 - Multipart 方式上传 HTML/JS 等文件","action":"ignore"},"fileUpload_multipart_exe":{"name":"算法3 - Multipart 方式上传 DLL/EXE 等文件","action":"ignore"},"ognl_exec":{"name":"算法1 - 执行异常 OGNL 语句","action":"log"},"command_reflect":{"name":"算法1 - 通过反射执行命令，比如反序列化、加密后门","action":"log"},"command_userinput":{"name":"算法2 - 用户输入匹配算法，包括命令注入检测","action":"log","min_length":2},"command_common":{"name":"算法3 - 识别常用渗透命令（探针）","action":"log","pattern":"cat.*/etc/passwd|nc.{1,30}-e.{1,100}/bin/(?:ba)?sh|bash\\s-.{0,4}i.{1,20}/dev/tcp/|subprocess.call\\(.{0,6}/bin/(?:ba)?sh|fsockopen\\(.{1,50}/bin/(?:ba)?sh|perl.{1,80}socket.{1,120}open.{1,80}exec\\(.{1,5}/bin/(?:ba)?sh|([\\|\\&`;\\x0d\\x0a]|$\\([^\\(]).{0,3}(ping|nslookup|curl|wget|mail).{1,10}[a-zA-Z0-9_\\-]{1,15}\\.[a-zA-Z0-9_\\-]{1,15}"},"command_error":{"name":"算法4 - 查找语法错误和敏感操作","action":"log","unbalanced_quote_enable":true,"sensitive_cmd_enable":true,"concat_char":["|",";"],"sensitive_cmd":["curl","bash","cat","sh"],"alarm_token_enable":true,"alarm_token":["$IFS","${IFS}","'"]},"command_other":{"name":"算法5 - 记录或者拦截所有命令执行操作","action":"ignore"},"deserialization_transformer":{"name":"算法1 - 拦截 transformer 反序列化攻击","action":"log"},"xss_userinput":{"name":"算法2 - 拦截输出在响应里的反射 XSS","action":"log","filter_regex":"<![\\-\\[A-Za-z]|<([A-Za-z]{1,12})[\\/>\\x00-\\x20]","min_length":15,"max_detection_num":10},"xss_echo":{"name":"算法1 - PHP: 禁止直接输出 GPC 参数","action":"log","filter_regex":"<![\\-\\[A-Za-z]|<([A-Za-z]{1,12})[\\/>\\x00-\\x20]"},"webshell_eval":{"name":"算法1 - 拦截简单的 PHP 中国菜刀后门","action":"log"},"webshell_command":{"name":"算法2 - 拦截简单的 PHP 命令执行后门","action":"log"},"webshell_file_put_contents":{"name":"算法3 - 拦截简单的 PHP 文件上传后门","action":"log"},"webshell_callable":{"name":"算法4 - 拦截简单的 PHP array_map/walk/filter 后门","action":"log","functions":["system","exec","passthru","proc_open","shell_exec","popen","pcntl_exec","assert"]},"webshell_ld_preload":{"name":"算法5 - 拦截 PHP LD_PRELOAD 机制后门","action":"log"},"eval_regex":{"name":"算法1 - 正则表达式","action":"ignore","regex":"base64_decode|gzuncompress|create_function"},"loadLibrary_unc":{"name":"算法1 - 拦截 UNC 路径类库加载","action":"log"},"response_dataLeak":{"name":"算法1 - 检查响应里是否有敏感信息（拦截等于记录日志）","action":"log","kind":{"phone":true,"identity_card":true,"bank_card":true},"content_type":"html|json|xml"}}
2020-05-05 17:49:08,943 INFO  [main][com.baidu.openrasp.transformer.CustomClassTransformer] ignore hook type http_output, class com.baidu.openrasp.hook.server.websphere.WebsphereHttpOutputHook
2020-05-05 17:49:08,944 INFO  [main][com.baidu.openrasp.transformer.CustomClassTransformer] ignore hook type http_output, class com.baidu.openrasp.hook.server.catalina.CatalinaOutputBufferHook
2020-05-05 17:49:08,945 INFO  [main][com.baidu.openrasp.transformer.CustomClassTransformer] ignore hook type http_output, class com.baidu.openrasp.hook.server.wildfly.UndertowOutputHook
2020-05-05 17:49:08,946 INFO  [main][com.baidu.openrasp.transformer.CustomClassTransformer] ignore hook type http_output, class com.baidu.openrasp.hook.server.resin.ResinOutputCloseHook
2020-05-05 17:49:08,946 INFO  [main][com.baidu.openrasp.transformer.CustomClassTransformer] ignore hook type http_output, class com.baidu.openrasp.hook.server.jetty.JettyHttpOutputHook
2020-05-05 17:49:08,946 INFO  [main][com.baidu.openrasp.transformer.CustomClassTransformer] ignore hook type http_output, class com.baidu.openrasp.hook.server.weblogic.WeblogicHttpOutputHook
2020-05-05 17:49:08,947 INFO  [main][com.baidu.openrasp.transformer.CustomClassTransformer] ignore hook type http_output, class com.baidu.openrasp.hook.server.tongweb.TongwebHttpResponseHook
2020-05-05 17:49:09,800 INFO  [main][com.baidu.openrasp.hook.AbstractClassHook] insert before method java.lang.UNIXProcess(byte[],byte[],int,byte[],int,byte[],int[],boolean)
2020-05-05 17:49:10,186 INFO  [main][com.baidu.openrasp.hook.AbstractClassHook] insert before method java.lang.ClassLoader$NativeLibrary(java.lang.Class,java.lang.String,boolean)
2020-05-05 17:49:10,307 INFO  [main][com.baidu.openrasp.hook.AbstractClassHook] insert before method java.io.FileOutputStream(java.io.File,boolean)
2020-05-05 17:49:10,416 INFO  [main][com.baidu.openrasp.hook.AbstractClassHook] insert before method java.io.FileInputStream(java.io.File)
2020-05-05 17:49:10,589 INFO  [main][com.baidu.openrasp.hook.AbstractClassHook] insert before method java.io.File.renameTo(java.io.File)
2020-05-05 17:49:10,701 INFO  [main][com.baidu.openrasp.hook.AbstractClassHook] insert before method java.io.File.delete()
2020-05-05 17:49:10,826 INFO  [main][com.baidu.openrasp.hook.AbstractClassHook] insert before method java.io.File.list()
2020-05-05 17:49:11,016 INFO  [main][com.baidu.openrasp.hook.AbstractClassHook] insert before method java.lang.ClassLoader.loadLibrary0(java.lang.Class,java.io.File)
2020-05-05 17:49:11,115 INFO  [main][com.baidu.openrasp.hook.AbstractClassHook] insert after method: java.lang.ClassLoader.loadLibrary0(java.lang.Class,java.io.File)
2020-05-05 17:49:11,155 INFO  [main][com.baidu.openrasp.EngineBoot] [OpenRASP] Engine Initialized [1.3.2 (build: GitCommit=a54f137 date=2020-03-25T06:39:00Z)]
2020-05-05 17:49:11,339 INFO  [main][com.baidu.openrasp.hook.AbstractClassHook] insert before method java.io.RandomAccessFile(java.io.File,java.lang.String)
2020-05-05 17:49:11,394 INFO  [main][com.baidu.openrasp.hook.AbstractClassHook] insert before method java.io.RandomAccessFile(java.io.File,java.lang.String)
2020-05-05 17:49:16,603 INFO  [main][com.baidu.openrasp.hook.AbstractClassHook] insert before method sun.net.www.protocol.http.HttpURLConnection.getInputStream()
2020-05-05 17:49:16,610 INFO  [main][com.baidu.openrasp.hook.AbstractClassHook] insert after method: sun.net.www.protocol.http.HttpURLConnection.getInputStream()
2020-05-05 17:49:16,660 INFO  [main][com.baidu.openrasp.hook.AbstractClassHook] insert after method: sun.net.www.protocol.http.HttpURLConnection.followRedirect()
2020-05-05 17:49:20,822 INFO  [main][com.baidu.openrasp.hook.AbstractClassHook] insert before method java.io.ObjectInputStream.resolveClass(java.io.ObjectStreamClass)
2020-05-05 17:49:21,208 INFO  [main][com.baidu.openrasp.HookHandler] detect server: tomcat/9.0.27.0
2020-05-05 17:49:21,208 INFO  [main][com.baidu.openrasp.HookHandler] detect server class: org/apache/catalina/Server
2020-05-05 17:49:21,366 INFO  [main][com.baidu.openrasp.hook.AbstractClassHook] insert before method org.apache.coyote.Response.doWrite(java.nio.ByteBuffer)
2020-05-05 17:49:21,549 INFO  [main][com.baidu.openrasp.hook.AbstractClassHook] insert before method org.apache.catalina.connector.CoyoteAdapter.service(org.apache.coyote.Request,org.apache.coyote.Response)
2020-05-05 17:49:58,573 INFO  [http-nio-8080-exec-1][com.baidu.openrasp.hook.AbstractClassHook] insert after method: org.apache.catalina.connector.Request.parseParameters()
2020-05-05 17:49:58,598 INFO  [http-nio-8080-exec-1][com.baidu.openrasp.hook.AbstractClassHook] insert after method: org.apache.catalina.connector.CoyoteReader.read()
2020-05-05 17:49:58,600 INFO  [http-nio-8080-exec-1][com.baidu.openrasp.hook.AbstractClassHook] insert after method: org.apache.catalina.connector.CoyoteReader.read(char[])
2020-05-05 17:49:58,602 INFO  [http-nio-8080-exec-1][com.baidu.openrasp.hook.AbstractClassHook] insert after method: org.apache.catalina.connector.CoyoteReader.read(char[],int,int)
2020-05-05 17:49:58,625 INFO  [http-nio-8080-exec-1][com.baidu.openrasp.hook.AbstractClassHook] insert after method: org.apache.catalina.connector.InputBuffer.readByte()
2020-05-05 17:49:58,631 INFO  [http-nio-8080-exec-1][com.baidu.openrasp.hook.AbstractClassHook] insert after method: org.apache.catalina.connector.InputBuffer.read(byte[],int,int)
2020-05-05 17:49:58,753 INFO  [http-nio-8080-exec-1][com.baidu.openrasp.hook.AbstractClassHook] insert after method: org.apache.catalina.core.ApplicationFilterChain.doFilter(javax.servlet.ServletRequest,javax.servlet.ServletResponse)
2020-05-05 17:49:58,786 INFO  [http-nio-8080-exec-1][com.baidu.openrasp.hook.AbstractClassHook] insert before method org.apache.catalina.core.ApplicationFilterChain.doFilter(javax.servlet.ServletRequest,javax.servlet.ServletResponse)
2020-05-05 17:49:58,975 INFO  [http-nio-8080-exec-1][com.baidu.openrasp.hook.AbstractClassHook] insert before method org.hibernate.internal.AbstractSharedSessionContract.createQuery(java.lang.String)
2020-05-05 17:49:58,977 INFO  [http-nio-8080-exec-1][com.baidu.openrasp.hook.AbstractClassHook] insert before method org.hibernate.internal.AbstractSharedSessionContract.createSQLQuery(java.lang.String)
2020-05-05 17:54:43,643 INFO  [main][com.baidu.openrasp.config.Config] plugin.timeout.millis use the default value: 100
2020-05-05 17:54:43,644 INFO  [main][com.baidu.openrasp.config.Config] hooks.ignore: http_output
2020-05-05 17:54:43,645 INFO  [main][com.baidu.openrasp.config.Config] inject.urlprefix use the default value: 
2020-05-05 17:54:43,645 INFO  [main][com.baidu.openrasp.config.Config] request.param_encoding use the default value: 
2020-05-05 17:54:43,645 INFO  [main][com.baidu.openrasp.config.Config] body.maxbytes use the default value: 12288
2020-05-05 17:54:43,645 INFO  [main][com.baidu.openrasp.config.Config] log.maxbackup use the default value: 30
2020-05-05 17:54:43,645 INFO  [main][com.baidu.openrasp.config.Config] plugin.maxstack use the default value: 100
2020-05-05 17:54:43,648 INFO  [main][com.baidu.openrasp.config.Config] lru.max_size use the default value: 1024
2020-05-05 17:54:43,648 INFO  [main][com.baidu.openrasp.config.Config] plugin.filter use the default value: true
2020-05-05 17:54:43,648 INFO  [main][com.baidu.openrasp.config.Config] ognl.expression.minlength use the default value: 30
2020-05-05 17:54:43,648 INFO  [main][com.baidu.openrasp.config.Config] sql.slowquery.min_rows use the default value: 500
2020-05-05 17:54:43,649 INFO  [main][com.baidu.openrasp.config.Config] block.status_code use the default value: 302
2020-05-05 17:54:43,649 INFO  [main][com.baidu.openrasp.config.Config] debug.level use the default value: 0
2020-05-05 17:54:43,649 INFO  [main][com.baidu.openrasp.config.Config] clientip.header use the default value: ClientIP
2020-05-05 17:54:43,649 INFO  [main][com.baidu.openrasp.config.Config] block.redirect_url use the default value: https://rasp.baidu.com/blocked/?request_id=%request_id%
2020-05-05 17:54:43,649 INFO  [main][com.baidu.openrasp.config.Config] block.content_json use the default value: {"error":true, "reason": "Request blocked by OpenRASP", "request_id": "%request_id%"}
2020-05-05 17:54:43,649 INFO  [main][com.baidu.openrasp.config.Config] block.content_xml use the default value: <?xml version="1.0"?><doc><error>true</error><reason>Request blocked by OpenRASP</reason><request_id>%request_id%</request_id></doc>
2020-05-05 17:54:43,650 INFO  [main][com.baidu.openrasp.config.Config] block.content_html use the default value: </script><script>location.href="https://rasp.baidu.com/blocked2/?request_id=%request_id%"</script>
2020-05-05 17:54:43,650 INFO  [main][com.baidu.openrasp.config.Config] cloud.enable use the default value: false
2020-05-05 17:54:43,650 INFO  [main][com.baidu.openrasp.config.Config] cloud.backend_url use the default value: 
2020-05-05 17:54:43,650 INFO  [main][com.baidu.openrasp.config.Config] cloud.app_id use the default value: 
2020-05-05 17:54:43,650 INFO  [main][com.baidu.openrasp.config.Config] cloud.app_secret use the default value: 
2020-05-05 17:54:43,650 INFO  [main][com.baidu.openrasp.config.Config] rasp.id use the default value: 
2020-05-05 17:54:43,650 INFO  [main][com.baidu.openrasp.config.Config] syslog.enable use the default value: false
2020-05-05 17:54:43,651 INFO  [main][com.baidu.openrasp.config.Config] syslog.url use the default value: 
2020-05-05 17:54:43,651 INFO  [main][com.baidu.openrasp.config.Config] syslog.tag use the default value: OPENRASP
2020-05-05 17:54:43,651 INFO  [main][com.baidu.openrasp.config.Config] syslog.facility use the default value: 1
2020-05-05 17:54:43,651 INFO  [main][com.baidu.openrasp.config.Config] syslog.reconnect_interval use the default value: 300000
2020-05-05 17:54:43,651 INFO  [main][com.baidu.openrasp.config.Config] log.maxburst use the default value: 100
2020-05-05 17:54:43,652 INFO  [main][com.baidu.openrasp.config.Config] cloud.heartbeat_interval use the default value: 90
2020-05-05 17:54:43,655 INFO  [main][com.baidu.openrasp.config.Config] hook.white use the default value: {}
2020-05-05 17:54:43,656 INFO  [main][com.baidu.openrasp.config.Config] hook.white.ALL use the default value: true
2020-05-05 17:54:43,656 INFO  [main][com.baidu.openrasp.config.Config] decompile.enable use the default value: false
2020-05-05 17:54:43,658 INFO  [main][com.baidu.openrasp.config.Config] inject.custom_headers: {X-Protected-By=OpenRASP}
2020-05-05 17:54:43,659 INFO  [main][com.baidu.openrasp.config.Config] dependency_check.interval use the default value: 21600
2020-05-05 17:54:43,667 INFO  [main][com.baidu.openrasp.config.Config] security.weak_passwords use the default value: [111111, 123, 123123, 123456, 123456a, a123456, admin, both, manager, mysql, root, rootweblogic, tomcat, user, weblogic1, weblogic123, welcome1]
2020-05-05 17:54:43,667 INFO  [main][com.baidu.openrasp.config.Config] cpu.usage.percent use the default value: 90
2020-05-05 17:54:43,711 INFO  [main][com.baidu.openrasp.config.Config] cpu.usage.enable use the default value: false
2020-05-05 17:54:43,712 INFO  [main][com.baidu.openrasp.config.Config] cpu.usage.interval use the default value: 5
2020-05-05 17:54:43,712 INFO  [main][com.baidu.openrasp.config.Config] openrasp.ssl_verifypeer use the default value: false
2020-05-05 17:54:43,712 INFO  [main][com.baidu.openrasp.config.Config] iast.enable use the default value: false
2020-05-05 17:54:43,712 INFO  [main][com.baidu.openrasp.config.Config] lru.compare_enable use the default value: false
2020-05-05 17:54:43,712 INFO  [main][com.baidu.openrasp.config.Config] lru.compare_limit use the default value: 10240
2020-05-05 17:54:43,713 INFO  [main][com.baidu.openrasp.config.Config] response.sampler_interval use the default value: 60
2020-05-05 17:54:43,713 INFO  [main][com.baidu.openrasp.config.Config] response.sampler_burst use the default value: 5
2020-05-05 17:54:43,987 INFO  [main][com.baidu.openrasp.config.Config] custom html injection content changed to ""
2020-05-05 17:54:43,987 INFO  [main][com.baidu.openrasp.config.Config] baseDirectory: /home/osboxes/vsaudit/spring-boot-actuator-h2-rce/rasp
2020-05-05 17:54:44,210 WARN  [main][com.baidu.openrasp.config.Config] the value of sql_exception.mysql.error_code is null
2020-05-05 17:54:44,211 WARN  [main][com.baidu.openrasp.config.Config] the value of sql_exception.sqlite.error_code is null
2020-05-05 17:54:44,211 WARN  [main][com.baidu.openrasp.config.Config] the value of sql_exception.oracle.error_code is null
2020-05-05 17:54:44,211 WARN  [main][com.baidu.openrasp.config.Config] the value of sql_exception.db2.error_code is null
2020-05-05 17:54:44,212 INFO  [main][com.baidu.openrasp.config.Config] sql error codes: {oracle=[ORA-00920, ORA-01756, ORA-00911, ORA-00904, ORA-29257, ORA-20000, ORA-19202, ORA-00907, ORA-01740], sqlite=[1], hsql=[-5590, -5584, -5583], mysql=[1105, 1367, 1064, 1690, 1062, 1060]}
2020-05-05 17:54:44,212 INFO  [main][com.baidu.openrasp.config.Config] sql error states: {db2=[42603], hsql=[42583, 42584, 42590]}
2020-05-05 17:54:44,215 WARN  [main][com.baidu.openrasp.config.Config] failed to get the log_regex.regex element from algorithm config
2020-05-05 17:54:44,215 INFO  [main][com.baidu.openrasp.config.Config] log_regex.regex: {}
2020-05-05 17:54:44,216 INFO  [main][com.baidu.openrasp.config.Config] algorithm.config: {"meta":{"all_log":true,"is_dev":false,"schema_version":1},"sql_userinput":{"name":"算法1 - 用户输入匹配算法","action":"log","min_length":8,"pre_filter":"select|file|from|;","pre_enable":false,"anti_detect_filter":"add|all|alter|analyze|and|any|as|asc|avg|begin|between|by|case|create|count|delete|desc|do|dumpfile|else|elseif|end|exists|false|file|float|flush|follows|from|group|having|identified|if|in|insert|interval|into|join|last|like|limit|loop|not|null|on|or|order|procedure|regexp|return|rlike|select|then|true|union|update|values|xor","anti_detect_enable":true,"lcs_search":false,"allow_full":true},"sql_policy":{"name":"算法2 - 拦截异常SQL语句","action":"log","pre_filter":";|\\/\\*|(?:\\d{1,2}\\s*,\\s*){2}|(?:null\\s*,\\s*){2}|0x[\\da-f]{8}|\\W(information_schema|outfile|dumpfile|load_file|benchmark|pg_sleep|sleep|is_srvrolemember|updatexml|extractvalue|hex|char|chr|mid|ord|ascii|bin)\\W","feature":{"stacked_query":false,"no_hex":true,"version_comment":true,"function_blacklist":true,"function_count":false,"union_null":true,"into_outfile":true,"information_schema":false},"function_blacklist":{"load_file":true,"benchmark":true,"sleep":true,"pg_sleep":true,"is_srvrolemember":true,"updatexml":true,"extractvalue":true,"hex":true,"mid":true,"ord":true,"ascii":true,"bin":true},"function_count":{"chr":5,"char":5}},"sql_exception":{"name":"算法3 - 记录数据库异常","action":"log","reference":"https://rasp.baidu.com/doc/dev/official.html#sql-exception","mysql":{"error_code":[1060,1062,1064,1105,1367,1690]},"pgsql":{"error_code":["42601","22P02"],"error_state":["42601","22P02"]},"sqlite":{"error_code":[1]},"oracle":{"error_code":["ORA-29257","ORA-20000","ORA-00904","ORA-19202","ORA-01756","ORA-01740","ORA-00920","ORA-00907","ORA-00911"]},"hsql":{"error_code":[-5583,-5584,-5590],"error_state":["42583","42584","42590"]},"mssql":{"error_code":[105,245]},"db2":{"error_state":["42603"]}},"sql_regex":{"name":"算法4 - 正则表达式算法","action":"ignore","regex":"union.*select.*from.*information_schema"},"ssrf_userinput":{"name":"算法1 - 用户输入匹配算法（支持 rebind 检测）","action":"log"},"ssrf_aws":{"name":"算法2 - 拦截 AWS/Aliyun/GCP metadata 访问","action":"log"},"ssrf_common":{"name":"算法3 - 拦截常见 dnslog 地址","action":"log","domains":[".vuleye.pw",".ceye.io",".exeye.io",".vcap.me",".xip.name",".xip.io",".sslip.io",".nip.io",".burpcollaborator.net",".tu4.org",".2xss.cc",".bxss.me"]},"ssrf_obfuscate":{"name":"算法4 - 拦截混淆地址","action":"log"},"ssrf_protocol":{"name":"算法5 - 拦截 php:// 等异常协议","action":"log","protocols":["file","gopher","local_file","local-file","jar","netdoc","dict","php","phar","compress.zlib","compress.bzip2"]},"readFile_userinput":{"name":"算法1 - 用户输入匹配算法","action":"log","lcs_search":false},"readFile_userinput_http":{"name":"算法2 - 用户输入匹配算法 + http 协议","action":"log"},"readFile_userinput_unwanted":{"name":"算法3 - 拦截 php:// 等异常协议","action":"log"},"readFile_outsideWebroot":{"name":"算法4 - 禁止使用 ../../ 访问web目录以外的文件","action":"ignore","reference":"https://rasp.baidu.com/doc/dev/official.html#case-out-webroot"},"readFile_unwanted":{"name":"算法5 - 文件探针算法","action":"log"},"writeFile_NTFS":{"name":"算法1 - 拦截 NTFS ::$DATA 写入操作","action":"log"},"writeFile_script":{"name":"算法2 - 拦截 php/jsp 等脚本文件的写入操作","reference":"https://rasp.baidu.com/doc/dev/official.html#case-file-write","action":"log","userinput":true,"lcs_search":false},"deleteFile_userinput":{"name":"算法1 - 用户输入匹配，禁止使用 ../ 删除文件","action":"log","lcs_search":false},"rename_webshell":{"name":"算法1 - 通过重命名方式获取 WebShell","action":"log"},"directory_userinput":{"name":"算法1 - 用户输入匹配算法","action":"log","lcs_search":false},"directory_reflect":{"name":"算法2 - 通过反射调用，查看目录内容","action":"log"},"directory_unwanted":{"name":"算法3 - 尝试查看敏感目录","action":"log"},"include_userinput":{"name":"算法1 - 用户输入匹配算法","action":"log","lcs_search":false},"include_protocol":{"name":"算法2 - 尝试包含 jar:// 等异常协议","action":"log","protocols":["file","gopher","jar","netdoc","http","https","dict","php","compress.zlib","compress.bzip2","zip","rar"]},"xxe_disable_entity":{"name":"算法1 - 禁止外部实体加载（记录日志等同于完全忽略）","action":"ignore","clazz":{"java_dom":true,"java_dom4j":true,"java_jdom":true,"java_sax":true,"java_stax":true}},"xxe_protocol":{"name":"算法2 - 使用 ftp:// 等异常协议加载外部实体","action":"log","protocols":["ftp","dict","gopher","jar","netdoc"]},"xxe_file":{"name":"算法3 - 使用 file:// 协议读取文件","reference":"https://rasp.baidu.com/doc/dev/official.html#case-xxe","action":"log"},"fileUpload_webdav":{"name":"算法1 - MOVE 方式上传脚本文件","action":"log"},"fileUpload_multipart_script":{"name":"算法2 - Multipart 方式上传 PHP/JSP 等脚本文件","action":"log"},"fileUpload_multipart_html":{"name":"算法3 - Multipart 方式上传 HTML/JS 等文件","action":"ignore"},"fileUpload_multipart_exe":{"name":"算法3 - Multipart 方式上传 DLL/EXE 等文件","action":"ignore"},"ognl_exec":{"name":"算法1 - 执行异常 OGNL 语句","action":"log"},"command_reflect":{"name":"算法1 - 通过反射执行命令，比如反序列化、加密后门","action":"log"},"command_userinput":{"name":"算法2 - 用户输入匹配算法，包括命令注入检测","action":"log","min_length":2},"command_common":{"name":"算法3 - 识别常用渗透命令（探针）","action":"log","pattern":"cat.*/etc/passwd|nc.{1,30}-e.{1,100}/bin/(?:ba)?sh|bash\\s-.{0,4}i.{1,20}/dev/tcp/|subprocess.call\\(.{0,6}/bin/(?:ba)?sh|fsockopen\\(.{1,50}/bin/(?:ba)?sh|perl.{1,80}socket.{1,120}open.{1,80}exec\\(.{1,5}/bin/(?:ba)?sh|([\\|\\&`;\\x0d\\x0a]|$\\([^\\(]).{0,3}(ping|nslookup|curl|wget|mail).{1,10}[a-zA-Z0-9_\\-]{1,15}\\.[a-zA-Z0-9_\\-]{1,15}"},"command_error":{"name":"算法4 - 查找语法错误和敏感操作","action":"log","unbalanced_quote_enable":true,"sensitive_cmd_enable":true,"concat_char":["|",";"],"sensitive_cmd":["curl","bash","cat","sh"],"alarm_token_enable":true,"alarm_token":["$IFS","${IFS}","'"]},"command_other":{"name":"算法5 - 记录或者拦截所有命令执行操作","action":"ignore"},"deserialization_transformer":{"name":"算法1 - 拦截 transformer 反序列化攻击","action":"log"},"xss_userinput":{"name":"算法2 - 拦截输出在响应里的反射 XSS","action":"log","filter_regex":"<![\\-\\[A-Za-z]|<([A-Za-z]{1,12})[\\/>\\x00-\\x20]","min_length":15,"max_detection_num":10},"xss_echo":{"name":"算法1 - PHP: 禁止直接输出 GPC 参数","action":"log","filter_regex":"<![\\-\\[A-Za-z]|<([A-Za-z]{1,12})[\\/>\\x00-\\x20]"},"webshell_eval":{"name":"算法1 - 拦截简单的 PHP 中国菜刀后门","action":"log"},"webshell_command":{"name":"算法2 - 拦截简单的 PHP 命令执行后门","action":"log"},"webshell_file_put_contents":{"name":"算法3 - 拦截简单的 PHP 文件上传后门","action":"log"},"webshell_callable":{"name":"算法4 - 拦截简单的 PHP array_map/walk/filter 后门","action":"log","functions":["system","exec","passthru","proc_open","shell_exec","popen","pcntl_exec","assert"]},"webshell_ld_preload":{"name":"算法5 - 拦截 PHP LD_PRELOAD 机制后门","action":"log"},"eval_regex":{"name":"算法1 - 正则表达式","action":"ignore","regex":"base64_decode|gzuncompress|create_function"},"loadLibrary_unc":{"name":"算法1 - 拦截 UNC 路径类库加载","action":"log"},"response_dataLeak":{"name":"算法1 - 检查响应里是否有敏感信息（拦截等于记录日志）","action":"log","kind":{"phone":true,"identity_card":true,"bank_card":true},"content_type":"html|json|xml"}}
2020-05-05 17:54:44,551 INFO  [main][com.baidu.openrasp.transformer.CustomClassTransformer] ignore hook type http_output, class com.baidu.openrasp.hook.server.websphere.WebsphereHttpOutputHook
2020-05-05 17:54:44,552 INFO  [main][com.baidu.openrasp.transformer.CustomClassTransformer] ignore hook type http_output, class com.baidu.openrasp.hook.server.catalina.CatalinaOutputBufferHook
2020-05-05 17:54:44,554 INFO  [main][com.baidu.openrasp.transformer.CustomClassTransformer] ignore hook type http_output, class com.baidu.openrasp.hook.server.wildfly.UndertowOutputHook
2020-05-05 17:54:44,554 INFO  [main][com.baidu.openrasp.transformer.CustomClassTransformer] ignore hook type http_output, class com.baidu.openrasp.hook.server.resin.ResinOutputCloseHook
2020-05-05 17:54:44,554 INFO  [main][com.baidu.openrasp.transformer.CustomClassTransformer] ignore hook type http_output, class com.baidu.openrasp.hook.server.jetty.JettyHttpOutputHook
2020-05-05 17:54:44,554 INFO  [main][com.baidu.openrasp.transformer.CustomClassTransformer] ignore hook type http_output, class com.baidu.openrasp.hook.server.weblogic.WeblogicHttpOutputHook
2020-05-05 17:54:44,555 INFO  [main][com.baidu.openrasp.transformer.CustomClassTransformer] ignore hook type http_output, class com.baidu.openrasp.hook.server.tongweb.TongwebHttpResponseHook
2020-05-05 17:54:45,262 INFO  [main][com.baidu.openrasp.hook.AbstractClassHook] insert before method java.lang.UNIXProcess(byte[],byte[],int,byte[],int,byte[],int[],boolean)
2020-05-05 17:54:45,667 INFO  [main][com.baidu.openrasp.hook.AbstractClassHook] insert before method java.lang.ClassLoader$NativeLibrary(java.lang.Class,java.lang.String,boolean)
2020-05-05 17:54:45,791 INFO  [main][com.baidu.openrasp.hook.AbstractClassHook] insert before method java.io.FileOutputStream(java.io.File,boolean)
2020-05-05 17:54:45,896 INFO  [main][com.baidu.openrasp.hook.AbstractClassHook] insert before method java.io.FileInputStream(java.io.File)
2020-05-05 17:54:46,061 INFO  [main][com.baidu.openrasp.hook.AbstractClassHook] insert before method java.io.File.renameTo(java.io.File)
2020-05-05 17:54:46,174 INFO  [main][com.baidu.openrasp.hook.AbstractClassHook] insert before method java.io.File.delete()
2020-05-05 17:54:46,292 INFO  [main][com.baidu.openrasp.hook.AbstractClassHook] insert before method java.io.File.list()
2020-05-05 17:54:46,483 INFO  [main][com.baidu.openrasp.hook.AbstractClassHook] insert before method java.lang.ClassLoader.loadLibrary0(java.lang.Class,java.io.File)
2020-05-05 17:54:46,564 INFO  [main][com.baidu.openrasp.hook.AbstractClassHook] insert after method: java.lang.ClassLoader.loadLibrary0(java.lang.Class,java.io.File)
2020-05-05 17:54:46,595 INFO  [main][com.baidu.openrasp.EngineBoot] [OpenRASP] Engine Initialized [1.3.2 (build: GitCommit=a54f137 date=2020-03-25T06:39:00Z)]
2020-05-05 17:54:46,775 INFO  [main][com.baidu.openrasp.hook.AbstractClassHook] insert before method java.io.RandomAccessFile(java.io.File,java.lang.String)
2020-05-05 17:54:46,841 INFO  [main][com.baidu.openrasp.hook.AbstractClassHook] insert before method java.io.RandomAccessFile(java.io.File,java.lang.String)
2020-05-05 17:54:52,307 INFO  [main][com.baidu.openrasp.hook.AbstractClassHook] insert before method sun.net.www.protocol.http.HttpURLConnection.getInputStream()
2020-05-05 17:54:52,324 INFO  [main][com.baidu.openrasp.hook.AbstractClassHook] insert after method: sun.net.www.protocol.http.HttpURLConnection.getInputStream()
2020-05-05 17:54:52,371 INFO  [main][com.baidu.openrasp.hook.AbstractClassHook] insert after method: sun.net.www.protocol.http.HttpURLConnection.followRedirect()
2020-05-05 17:54:56,835 INFO  [main][com.baidu.openrasp.hook.AbstractClassHook] insert before method java.io.ObjectInputStream.resolveClass(java.io.ObjectStreamClass)
2020-05-05 17:54:57,419 INFO  [main][com.baidu.openrasp.HookHandler] detect server: tomcat/9.0.27.0
2020-05-05 17:54:57,420 INFO  [main][com.baidu.openrasp.HookHandler] detect server class: org/apache/catalina/Server
2020-05-05 17:54:57,616 INFO  [main][com.baidu.openrasp.hook.AbstractClassHook] insert before method org.apache.coyote.Response.doWrite(java.nio.ByteBuffer)
2020-05-05 17:54:57,915 INFO  [main][com.baidu.openrasp.hook.AbstractClassHook] insert before method org.apache.catalina.connector.CoyoteAdapter.service(org.apache.coyote.Request,org.apache.coyote.Response)
